ark
bat
blueman
bluez
bluez-utils
btop
cliphist
dolphin
dunst
exa
firefox
grim
gst-plugin-pipewire
gum
hyprland-git
imagemagick
kitty
kvantum
lf
micro
neofetch
network-manager-applet
networkmanager
nwg-look
pamixer
pavucontrol
pipewire
pipewire-alsa
pipewire-audio
pipewire-jack
pipewire-pulse
pkgfile
plymouth
polkit-kde-agent
qt5-graphicaleffects
qt5-imageformats
qt5-quickcontrols
qt5-quickcontrols2
qt5-wayland
qt5ct
qt6-wayland
rofi-lbonn-wayland-git
sddm-git
slurp
starship
swappy
swaylock-effects-git
swww
tlp
vim
visual-studio-code-bin
waybar-hyprland-git
wireplumber
wlogout
xdg-desktop-portal-gtk
xdg-desktop-portal-hyprland
zsh